<?xml version="1.0" encoding="UTF-8"?>
<testng-results skipped="0" failed="0" total="1" passed="1">
  <reporter-output>
  </reporter-output>
  <suite name="Suite" duration-ms="13157" started-at="2018-03-23T16:37:30Z" finished-at="2018-03-23T16:37:44Z">
    <groups>
    </groups>
    <test name="Test" duration-ms="13157" started-at="2018-03-23T16:37:30Z" finished-at="2018-03-23T16:37:44Z">
      <class name="demoproject.NewTest">
        <test-method status="PASS" signature="testJenkinsJob()[pri:0, instance:demoproject.NewTest@5b1d2887]" name="testJenkinsJob" duration-ms="13140" started-at="2018-03-23T22:07:30Z" finished-at="2018-03-23T22:07:44Z">
          <reporter-output>
          </reporter-output>
        </test-method> <!-- testJenkinsJob -->
      </class> <!-- demoproject.NewTest -->
    </test> <!-- Test -->
  </suite> <!-- Suite -->
</testng-results>
